2025-11-02 15:36:26,231 - app_pkg - INFO - Application initialized successfully
2025-11-02 15:36:26,232 - __main__ - INFO - Starting ChatBotMobile application...
2025-11-02 15:36:30,362 - app_pkg.routes - INFO - Retrieving session history
2025-11-02 15:36:30,362 - app_pkg.routes - INFO - Retrieving session history
2025-11-02 15:36:32,460 - app_pkg.routes - INFO - Clearing session history and related files
2025-11-02 15:36:32,460 - app_pkg.routes - INFO - Clearing session history and related files
2025-11-02 15:36:32,462 - app_pkg.routes - INFO - Successfully cleared 2 files
2025-11-02 15:36:32,462 - app_pkg.routes - INFO - Successfully cleared 2 files
2025-11-02 15:36:56,236 - app_pkg.routes - INFO - Retrieving session history
2025-11-02 15:36:56,236 - app_pkg.routes - INFO - Retrieving session history
2025-11-02 15:36:59,769 - app_pkg.routes - INFO - Processing chat request: خدمات...
2025-11-02 15:36:59,769 - app_pkg.routes - INFO - Processing chat request: خدمات...
2025-11-02 15:37:03,735 - app_pkg.routes - INFO - Processing chat request: سلمى...
2025-11-02 15:37:03,735 - app_pkg.routes - INFO - Processing chat request: سلمى...
2025-11-02 15:37:14,061 - app_pkg.routes - INFO - Processing chat request: ٠٥٠٦٤١٩٩٧٠...
2025-11-02 15:37:14,061 - app_pkg.routes - INFO - Processing chat request: ٠٥٠٦٤١٩٩٧٠...
2025-11-02 15:37:17,428 - app_pkg.routes - INFO - Processing chat request: الرياض...
2025-11-02 15:37:17,428 - app_pkg.routes - INFO - Processing chat request: الرياض...
2025-11-02 15:37:21,058 - app_pkg.routes - INFO - Processing chat request: الاسكان...
2025-11-02 15:37:21,058 - app_pkg.routes - INFO - Processing chat request: الاسكان...
2025-11-02 15:37:26,392 - app_pkg.routes - INFO - Processing chat request: فيلا...
2025-11-02 15:37:26,392 - app_pkg.routes - INFO - Processing chat request: فيلا...
